# JRE version: OpenJDK Runtime Environment (7.0_75-b13) (build 1.7.0_75-b13)
# Java VM: OpenJDK 64-Bit Server VM (24.75-b04 mixed mode linux-amd64 compressed oops)
Heap
 PSYoungGen      total 65536K, used 47874K [0x00000007acf00000, 0x00000007b1880000, 0x0000000800000000)
  eden space 62976K, 72% used [0x00000007acf00000,0x00000007afb6fff0,0x00000007b0c80000)
  from space 2560K, 92% used [0x00000007b0e00000,0x00000007b1050880,0x00000007b1080000)
  to   space 4608K, 0% used [0x00000007b1400000,0x00000007b1400000,0x00000007b1880000)
 ParOldGen       total 169984K, used 40K [0x0000000706e00000, 0x0000000711400000, 0x00000007acf00000)
  object space 169984K, 0% used [0x0000000706e00000,0x0000000706e0a000,0x0000000711400000)
 PSPermGen       total 21504K, used 16477K [0x00000006fc800000, 0x00000006fdd00000, 0x0000000706e00000)
  object space 21504K, 76% used [0x00000006fc800000,0x00000006fd817740,0x00000006fdd00000)
GC Heap History (10 events):
Event: 12948.541 GC heap before
{Heap before GC invocations=1 (full 0):
 PSYoungGen      total 74752K, used 64512K [0x00000007acf00000, 0x00000007b2200000, 0x0000000800000000)
  eden space 64512K, 100% used [0x00000007acf00000,0x00000007b0e00000,0x00000007b0e00000)
  from space 10240K, 0% used [0x00000007b1800000,0x00000007b1800000,0x00000007b2200000)
  to   space 10240K, 0% used [0x00000007b0e00000,0x00000007b0e00000,0x00000007b1800000)
 ParOldGen       total 169984K, used 0K [0x0000000706e00000, 0x0000000711400000, 0x00000007acf00000)
  object space 169984K, 0% used [0x0000000706e00000,0x0000000706e00000,0x0000000711400000)
 PSPermGen       total 21504K, used 16367K [0x00000006fc800000, 0x00000006fdd00000, 0x0000000706e00000)
  object space 21504K, 76% used [0x00000006fc800000,0x00000006fd7fbc80,0x00000006fdd00000)
Event: 12948.550 GC heap after
Heap after GC invocations=1 (full 0):
 PSYoungGen      total 74752K, used 4261K [0x00000007acf00000, 0x00000007b2200000, 0x0000000800000000)
  eden space 64512K, 0% used [0x00000007acf00000,0x00000007acf00000,0x00000007b0e00000)
  from space 10240K, 41% used [0x00000007b0e00000,0x00000007b12297e0,0x00000007b1800000)
  to   space 10240K, 0% used [0x00000007b1800000,0x00000007b1800000,0x00000007b2200000)
 ParOldGen       total 169984K, used 8K [0x0000000706e00000, 0x0000000711400000, 0x00000007acf00000)
  object space 169984K, 0% used [0x0000000706e00000,0x0000000706e02000,0x0000000711400000)
 PSPermGen       total 21504K, used 16367K [0x00000006fc800000, 0x00000006fdd00000, 0x0000000706e00000)
  object space 21504K, 76% used [0x00000006fc800000,0x00000006fd7fbc80,0x00000006fdd00000)
}
Event: 39052.635 GC heap before
{Heap before GC invocations=2 (full 0):
 PSYoungGen      total 74752K, used 68773K [0x00000007acf00000, 0x00000007b2200000, 0x0000000800000000)
  eden space 64512K, 100% used [0x00000007acf00000,0x00000007b0e00000,0x00000007b0e00000)
  from space 10240K, 41% used [0x00000007b0e00000,0x00000007b12297e0,0x00000007b1800000)
  to   space 10240K, 0% used [0x00000007b1800000,0x00000007b1800000,0x00000007b2200000)
 ParOldGen       total 169984K, used 8K [0x0000000706e00000, 0x0000000711400000, 0x00000007acf00000)
  object space 169984K, 0% used [0x0000000706e00000,0x0000000706e02000,0x0000000711400000)
 PSPermGen       total 21504K, used 16466K [0x00000006fc800000, 0x00000006fdd00000, 0x0000000706e00000)
  object space 21504K, 76% used [0x00000006fc800000,0x00000006fd814a88,0x00000006fdd00000)
Event: 39052.646 GC heap after
Heap after GC invocations=2 (full 0):
 PSYoungGen      total 74752K, used 2370K [0x00000007acf00000, 0x00000007b2200000, 0x0000000800000000)
  eden space 64512K, 0% used [0x00000007acf00000,0x00000007acf00000,0x00000007b0e00000)
  from space 10240K, 23% used [0x00000007b1800000,0x00000007b1a50880,0x00000007b2200000)
  to   space 10240K, 0% used [0x00000007b0e00000,0x00000007b0e00000,0x00000007b1800000)
 ParOldGen       total 169984K, used 16K [0x0000000706e00000, 0x0000000711400000, 0x00000007acf00000)
  object space 169984K, 0% used [0x0000000706e00000,0x0000000706e04000,0x0000000711400000)
 PSPermGen       total 21504K, used 16466K [0x00000006fc800000, 0x00000006fdd00000, 0x0000000706e00000)
  object space 21504K, 76% used [0x00000006fc800000,0x00000006fd814a88,0x00000006fdd00000)
}
Event: 67865.760 GC heap before
{Heap before GC invocations=3 (full 0):
 PSYoungGen      total 74752K, used 66882K [0x00000007acf00000, 0x00000007b2200000, 0x0000000800000000)
  eden space 64512K, 100% used [0x00000007acf00000,0x00000007b0e00000,0x00000007b0e00000)
  from space 10240K, 23% used [0x00000007b1800000,0x00000007b1a50880,0x00000007b2200000)
  to   space 10240K, 0% used [0x00000007b0e00000,0x00000007b0e00000,0x00000007b1800000)
 ParOldGen       total 169984K, used 16K [0x0000000706e00000, 0x0000000711400000, 0x00000007acf00000)
  object space 169984K, 0% used [0x0000000706e00000,0x0000000706e04000,0x0000000711400000)
 PSPermGen       total 21504K, used 16467K [0x00000006fc800000, 0x00000006fdd00000, 0x0000000706e00000)
  object space 21504K, 76% used [0x00000006fc800000,0x00000006fd814f70,0x00000006fdd00000)
Event: 67865.766 GC heap after
Heap after GC invocations=3 (full 0):
 PSYoungGen      total 74752K, used 2402K [0x00000007acf00000, 0x00000007b2200000, 0x0000000800000000)
  eden space 64512K, 0% used [0x00000007acf00000,0x00000007acf00000,0x00000007b0e00000)
  from space 10240K, 23% used [0x00000007b0e00000,0x00000007b1058880,0x00000007b1800000)
  to   space 10240K, 0% used [0x00000007b1800000,0x00000007b1800000,0x00000007b2200000)
 ParOldGen       total 169984K, used 24K [0x0000000706e00000, 0x0000000711400000, 0x00000007acf00000)
  object space 169984K, 0% used [0x0000000706e00000,0x0000000706e06000,0x0000000711400000)
 PSPermGen       total 21504K, used 16467K [0x00000006fc800000, 0x00000006fdd00000, 0x0000000706e00000)
  object space 21504K, 76% used [0x00000006fc800000,0x00000006fd814f70,0x00000006fdd00000)
}
Event: 95978.227 GC heap before
{Heap before GC invocations=4 (full 0):
 PSYoungGen      total 74752K, used 66914K [0x00000007acf00000, 0x00000007b2200000, 0x0000000800000000)
  eden space 64512K, 100% used [0x00000007acf00000,0x00000007b0e00000,0x00000007b0e00000)
  from space 10240K, 23% used [0x00000007b0e00000,0x00000007b1058880,0x00000007b1800000)
  to   space 10240K, 0% used [0x00000007b1800000,0x00000007b1800000,0x00000007b2200000)
 ParOldGen       total 169984K, used 24K [0x0000000706e00000, 0x0000000711400000, 0x00000007acf00000)
  object space 169984K, 0% used [0x0000000706e00000,0x0000000706e06000,0x0000000711400000)
 PSPermGen       total 21504K, used 16468K [0x00000006fc800000, 0x00000006fdd00000, 0x0000000706e00000)
  object space 21504K, 76% used [0x00000006fc800000,0x00000006fd815050,0x00000006fdd00000)
Event: 95978.236 GC heap after
Heap after GC invocations=4 (full 0):
 PSYoungGen      total 74752K, used 2402K [0x00000007acf00000, 0x00000007b2200000, 0x0000000800000000)
  eden space 64512K, 0% used [0x00000007acf00000,0x00000007acf00000,0x00000007b0e00000)
  from space 10240K, 23% used [0x00000007b1800000,0x00000007b1a58880,0x00000007b2200000)
  to   space 10240K, 0% used [0x00000007b0e00000,0x00000007b0e00000,0x00000007b1800000)
 ParOldGen       total 169984K, used 32K [0x0000000706e00000, 0x0000000711400000, 0x00000007acf00000)
  object space 169984K, 0% used [0x0000000706e00000,0x0000000706e08000,0x0000000711400000)
 PSPermGen       total 21504K, used 16468K [0x00000006fc800000, 0x00000006fdd00000, 0x0000000706e00000)
  object space 21504K, 76% used [0x00000006fc800000,0x00000006fd815050,0x00000006fdd00000)
}
Event: 124770.646 GC heap before
{Heap before GC invocations=5 (full 0):
 PSYoungGen      total 74752K, used 66914K [0x00000007acf00000, 0x00000007b2200000, 0x0000000800000000)
  eden space 64512K, 100% used [0x00000007acf00000,0x00000007b0e00000,0x00000007b0e00000)
  from space 10240K, 23% used [0x00000007b1800000,0x00000007b1a58880,0x00000007b2200000)
  to   space 10240K, 0% used [0x00000007b0e00000,0x00000007b0e00000,0x00000007b1800000)
 ParOldGen       total 169984K, used 32K [0x0000000706e00000, 0x0000000711400000, 0x00000007acf00000)
  object space 169984K, 0% used [0x0000000706e00000,0x0000000706e08000,0x0000000711400000)
 PSPermGen       total 21504K, used 16468K [0x00000006fc800000, 0x00000006fdd00000, 0x0000000706e00000)
  object space 21504K, 76% used [0x00000006fc800000,0x00000006fd815120,0x00000006fdd00000)
Event: 124770.655 GC heap after
Heap after GC invocations=5 (full 0):
 PSYoungGen      total 65536K, used 2370K [0x00000007acf00000, 0x00000007b1880000, 0x0000000800000000)
  eden space 62976K, 0% used [0x00000007acf00000,0x00000007acf00000,0x00000007b0c80000)
  from space 2560K, 92% used [0x00000007b0e00000,0x00000007b1050880,0x00000007b1080000)
  to   space 4608K, 0% used [0x00000007b1400000,0x00000007b1400000,0x00000007b1880000)
 ParOldGen       total 169984K, used 40K [0x0000000706e00000, 0x0000000711400000, 0x00000007acf00000)
  object space 169984K, 0% used [0x0000000706e00000,0x0000000706e0a000,0x0000000711400000)
 PSPermGen       total 21504K, used 16468K [0x00000006fc800000, 0x00000006fdd00000, 0x0000000706e00000)
  object space 21504K, 76% used [0x00000006fc800000,0x00000006fd815120,0x00000006fdd00000)
}

